[    0.000000] Linux version 4.15.0-194-generic (buildd@lcy02-amd64-052) (gcc version 7.5.0 (Ubuntu 7.5.0-3ubuntu1~18.04)) #205-Ubuntu SMP Fri Sep 16 19:49:27 UTC 2022 (Ubuntu 4.15.0-194.205-generic 4.15.18)
[    0.000000] Command line: BOOT_IMAGE=/boot/vmlinuz-4.15.0-194-generic root=LABEL=cloudimg-rootfs ro console=tty1 console=ttyS0
[    0.000000] KERNEL supported cpus:
[    0.000000]   Intel GenuineIntel
[    0.000000]   AMD AuthenticAMD
[    0.000000]   Centaur CentaurHauls
[    0.000000] x86/fpu: Supporting XSAVE feature 0x001: 'x87 floating point registers'
[    0.000000] x86/fpu: Supporting XSAVE feature 0x002: 'SSE registers'
[    0.000000] x86/fpu: Supporting XSAVE feature 0x004: 'AVX registers'
[    0.000000] x86/fpu: xstate_offset[2]:  576, xstate_sizes[2]:  256
[    0.000000] x86/fpu: Enabled xstate features 0x7, context size is 832 bytes, using 'standard' format.
[    0.000000] e820: BIOS-provided physical RAM map:
[    0.000000] BIOS-e820: [mem 0x0000000000000000-0x000000000009fbff] usable
[    0.000000] BIOS-e820: [mem 0x000000000009fc00-0x000000000009ffff] reserved
[    0.000000] BIOS-e820: [mem 0x00000000000f0000-0x00000000000fffff] reserved
[    0.000000] BIOS-e820: [mem 0x0000000000100000-0x000000003ffeffff] usable
[    0.000000] BIOS-e820: [mem 0x000000003fff0000-0x000000003fffffff] ACPI data
[    0.000000] BIOS-e820: [mem 0x00000000fec00000-0x00000000fec00fff] reserved
[    0.000000] BIOS-e820: [mem 0x00000000fee00000-0x00000000fee00fff] reserved
[    0.000000] BIOS-e820: [mem 0x00000000fffc0000-0x00000000ffffffff] reserved
[    0.000000] NX (Execute Disable) protection: active
[    0.000000] SMBIOS 2.5 present.
[    0.000000] DMI: innotek GmbH VirtualBox/VirtualBox, BIOS VirtualBox 12/01/2006
[    0.000000] Hypervisor detected: KVM
[    0.000000] e820: last_pfn = 0x3fff0 max_arch_pfn = 0x400000000
[    0.000000] MTRR: Disabled
[    0.000000] x86/PAT: MTRRs disabled, skipping PAT initialization too.
[    0.000000] CPU MTRRs all blank - virtualized system.
[    0.000000] x86/PAT: Configuration [0-7]: WB  WT  UC- UC  WB  WT  UC- UC  
[    0.000000] found SMP MP-table at [mem 0x0009fff0-0x0009ffff]
[    0.000000] Scanning 1 areas for low memory corruption
[    0.000000] RAMDISK: [mem 0x359cb000-0x36cdcfff]
[    0.000000] ACPI: Early table checksum verification disabled
[    0.000000] ACPI: RSDP 0x00000000000E0000 000024 (v02 VBOX  )
[    0.000000] ACPI: XSDT 0x000000003FFF0030 00003C (v01 VBOX   VBOXXSDT 00000001 ASL  00000061)
[    0.000000] ACPI: FACP 0x000000003FFF00F0 0000F4 (v04 VBOX   VBOXFACP 00000001 ASL  00000061)
[    0.000000] ACPI: DSDT 0x000000003FFF0470 002325 (v02 VBOX   VBOXBIOS 00000002 INTL 20190509)
[    0.000000] ACPI: FACS 0x000000003FFF0200 000040
[    0.000000] ACPI: FACS 0x000000003FFF0200 000040
[    0.000000] ACPI: APIC 0x000000003FFF0240 00005C (v02 VBOX   VBOXAPIC 00000001 ASL  00000061)
[    0.000000] ACPI: SSDT 0x000000003FFF02A0 0001CC (v01 VBOX   VBOXCPUT 00000002 INTL 20190509)
[    0.000000] ACPI: Reserving FACP table memory at [mem 0x3fff00f0-0x3fff01e3]
[    0.000000] ACPI: Reserving DSDT table memory at [mem 0x3fff0470-0x3fff2794]
[    0.000000] ACPI: Reserving FACS table memory at [mem 0x3fff0200-0x3fff023f]
[    0.000000] ACPI: Reserving FACS table memory at [mem 0x3fff0200-0x3fff023f]
[    0.000000] ACPI: Reserving APIC table memory at [mem 0x3fff0240-0x3fff029b]
[    0.000000] ACPI: Reserving SSDT table memory at [mem 0x3fff02a0-0x3fff046b]
[    0.000000] No NUMA configuration found
[    0.000000] Faking a node at [mem 0x0000000000000000-0x000000003ffeffff]
[    0.000000] NODE_DATA(0) allocated [mem 0x3ffc5000-0x3ffeffff]
[    0.000000] kvm-clock: cpu 0, msr 0:3ff44001, primary cpu clock
[    0.000000] kvm-clock: Using msrs 4b564d01 and 4b564d00
[    0.000000] kvm-clock: using sched offset of 4487786835 cycles
[    0.000000] clocksource: kvm-clock: mask: 0xffffffffffffffff max_cycles: 0x1cd42e4dffb, max_idle_ns: 881590591483 ns
[    0.000000] Zone ranges:
[    0.000000]   DMA      [mem 0x0000000000001000-0x0000000000ffffff]
[    0.000000]   DMA32    [mem 0x0000000001000000-0x000000003ffeffff]
[    0.000000]   Normal   empty
[    0.000000]   Device   empty
[    0.000000] Movable zone start for each node
[    0.000000] Early memory node ranges
[    0.000000]   node   0: [mem 0x0000000000001000-0x000000000009efff]
[    0.000000]   node   0: [mem 0x0000000000100000-0x000000003ffeffff]
[    0.000000] Reserved but unavailable: 104 pages
[    0.000000] Initmem setup node 0 [mem 0x0000000000001000-0x000000003ffeffff]
[    0.000000] ACPI: PM-Timer IO Port: 0x4008
[    0.000000] IOAPIC[0]: apic_id 2, version 32, address 0xfec00000, GSI 0-23
[    0.000000] ACPI: INT_SRC_OVR (bus 0 bus_irq 0 global_irq 2 dfl dfl)
[    0.000000] ACPI: INT_SRC_OVR (bus 0 bus_irq 9 global_irq 9 low level)
[    0.000000] Using ACPI (MADT) for SMP configuration information
[    0.000000] smpboot: Allowing 2 CPUs, 0 hotplug CPUs
[    0.000000] PM: Registered nosave memory: [mem 0x00000000-0x00000fff]
[    0.000000] PM: Registered nosave memory: [mem 0x0009f000-0x0009ffff]
[    0.000000] PM: Registered nosave memory: [mem 0x000a0000-0x000effff]
[    0.000000] PM: Registered nosave memory: [mem 0x000f0000-0x000fffff]
[    0.000000] e820: [mem 0x40000000-0xfebfffff] available for PCI devices
[    0.000000] Booting paravirtualized kernel on KVM
[    0.000000] clocksource: refined-jiffies: mask: 0xffffffff max_cycles: 0xffffffff, max_idle_ns: 7645519600211568 ns
[    0.000000] setup_percpu: NR_CPUS:8192 nr_cpumask_bits:2 nr_cpu_ids:2 nr_node_ids:1
[    0.000000] percpu: Embedded 50 pages/cpu s167936 r8192 d28672 u1048576
[    0.000000] PV qspinlock hash table entries: 256 (order: 0, 4096 bytes)
[    0.000000] Built 1 zonelists, mobility grouping on.  Total pages: 257913
[    0.000000] Policy zone: DMA32
[    0.000000] Kernel command line: BOOT_IMAGE=/boot/vmlinuz-4.15.0-194-generic root=LABEL=cloudimg-rootfs ro console=tty1 console=ttyS0
[    0.000000] Memory: 982652K/1048120K available (12300K kernel code, 2477K rwdata, 4320K rodata, 2472K init, 2720K bss, 65468K reserved, 0K cma-reserved)
[    0.000000] SLUB: HWalign=64, Order=0-3, MinObjects=0, CPUs=2, Nodes=1
[    0.000000] Kernel/User page tables isolation: enabled
[    0.000000] ftrace: allocating 39477 entries in 155 pages
[    0.004000] Hierarchical RCU implementation.
[    0.004000] 	RCU restricting CPUs from NR_CPUS=8192 to nr_cpu_ids=2.
[    0.004000] 	Tasks RCU enabled.
[    0.004000] RCU: Adjusting geometry for rcu_fanout_leaf=16, nr_cpu_ids=2
[    0.004000] NR_IRQS: 524544, nr_irqs: 440, preallocated irqs: 16
[    0.004000] random: crng init done
[    0.004000] Console: colour VGA+ 80x25
[    0.004000] console [tty1] enabled
[    0.004000] console [ttyS0] enabled
[    0.004000] ACPI: Core revision 20170831
[    0.004000] ACPI: 2 ACPI AML tables successfully acquired and loaded
[    0.004000] APIC: Switch to symmetric I/O mode setup
[    0.004000] x2apic enabled
[    0.004000] Switched APIC routing to physical x2apic.
[    0.004000] ..TIMER: vector=0x30 apic1=0 pin1=2 apic2=-1 pin2=-1
[    0.004004] tsc: Detected 2903.998 MHz processor
[    0.005105] Calibrating delay loop (skipped) preset value.. 5807.99 BogoMIPS (lpj=11615992)
[    0.008002] pid_max: default: 32768 minimum: 301
[    0.009133] Security Framework initialized
[    0.010126] Yama: becoming mindful.
[    0.012019] AppArmor: AppArmor initialized
[    0.013716] Dentry cache hash table entries: 131072 (order: 8, 1048576 bytes)
[    0.015424] Inode-cache hash table entries: 65536 (order: 7, 524288 bytes)
[    0.016013] Mount-cache hash table entries: 2048 (order: 2, 16384 bytes)
[    0.017526] Mountpoint-cache hash table entries: 2048 (order: 2, 16384 bytes)
[    0.020000] Last level iTLB entries: 4KB 64, 2MB 8, 4MB 8
[    0.020002] Last level dTLB entries: 4KB 64, 2MB 0, 4MB 0, 1GB 4
[    0.024004] Spectre V1 : Mitigation: usercopy/swapgs barriers and __user pointer sanitization
[    0.025995] Spectre V2 : Mitigation: Retpolines
[    0.028001] Spectre V2 : Spectre v2 / SpectreRSB mitigation: Filling RSB on context switch
[    0.029931] Speculative Store Bypass: Vulnerable
[    0.032111] MDS: Mitigation: Clear CPU buffers
[    0.033172] MMIO Stale Data: Mitigation: Clear CPU buffers
[    0.034448] SRBDS: Unknown: Dependent on hypervisor status
[    0.035923] Freeing SMP alternatives memory: 36K
[    0.146769] smpboot: CPU0: Intel(R) Core(TM) i7-7500U CPU @ 2.70GHz (family: 0x6, model: 0x8e, stepping: 0x9)
[    0.148000] Performance Events: unsupported p6 CPU model 142 no PMU driver, software events only.
[    0.148035] Hierarchical SRCU implementation.
[    0.149574] NMI watchdog: Perf event create on CPU 0 failed with -2
[    0.151015] NMI watchdog: Perf NMI watchdog permanently disabled
[    0.152040] smp: Bringing up secondary CPUs ...
[    0.153199] x86: Booting SMP configuration:
[    0.154222] .... node  #0, CPUs:      #1
[    0.004000] kvm-clock: cpu 1, msr 0:3ff44041, secondary cpu clock
[    0.158594] smp: Brought up 1 node, 2 CPUs
[    0.158594] smpboot: Max logical packages: 1
[    0.160004] smpboot: Total of 2 processors activated (11615.99 BogoMIPS)
[    0.162926] devtmpfs: initialized
[    0.164051] x86/mm: Memory block size: 128MB
[    0.165228] evm: security.selinux
[    0.166082] evm: security.SMACK64
[    0.168002] evm: security.SMACK64EXEC
[    0.168911] evm: security.SMACK64TRANSMUTE
[    0.169906] evm: security.SMACK64MMAP
[    0.170809] evm: security.apparmor
[    0.171651] evm: security.ima
[    0.172002] evm: security.capability
[    0.172920] clocksource: jiffies: mask: 0xffffffff max_cycles: 0xffffffff, max_idle_ns: 7645041785100000 ns
[    0.174298] futex hash table entries: 512 (order: 3, 32768 bytes)
[    0.176043] pinctrl core: initialized pinctrl subsystem
[    0.177947] RTC time: 18:56:17, date: 11/06/22
[    0.180178] NET: Registered protocol family 16
[    0.181329] audit: initializing netlink subsys (disabled)
[    0.182629] audit: type=2000 audit(1667760983.940:1): state=initialized audit_enabled=0 res=1
[    0.184009] cpuidle: using governor ladder
[    0.185005] cpuidle: using governor menu
[    0.185994] ACPI: bus type PCI registered
[    0.186967] acpiphp: ACPI Hot Plug PCI Controller Driver version: 0.5
[    0.188087] PCI: Using configuration type 1 for base access
[    0.189419] HugeTLB registered 2.00 MiB page size, pre-allocated 0 pages
[    0.192057] ACPI: Added _OSI(Module Device)
[    0.193070] ACPI: Added _OSI(Processor Device)
[    0.194135] ACPI: Added _OSI(3.0 _SCP Extensions)
[    0.196003] ACPI: Added _OSI(Processor Aggregator Device)
[    0.197257] ACPI: Added _OSI(Linux-Dell-Video)
[    0.198337] ACPI: Added _OSI(Linux-Lenovo-NV-HDMI-Audio)
[    0.200008] ACPI: Added _OSI(Linux-HPI-Hybrid-Graphics)
[    0.201493] ACPI: Executed 1 blocks of module-level executable AML code
[    0.207108] ACPI: Interpreter enabled
[    0.208000] ACPI: (supports S0 S5)
[    0.208002] ACPI: Using IOAPIC for interrupt routing
[    0.209430] PCI: Using host bridge windows from ACPI; if necessary, use "pci=nocrs" and report a bug
[    0.212161] ACPI: Enabled 2 GPEs in block 00 to 07
[    0.220629] ACPI: PCI Root Bridge [PCI0] (domain 0000 [bus 00-ff])
[    0.221789] acpi PNP0A03:00: _OSC: OS supports [ASPM ClockPM Segments MSI]
[    0.223547] acpi PNP0A03:00: _OSC: not requesting OS control; OS requires [ExtendedConfig ASPM ClockPM MSI]
[    0.224010] acpi PNP0A03:00: fail to add MMCONFIG information, can't access extended PCI configuration space under this bridge.
[    0.226395] PCI host bridge to bus 0000:00
[    0.228003] pci_bus 0000:00: root bus resource [io  0x0000-0x0cf7 window]
[    0.229234] pci_bus 0000:00: root bus resource [io  0x0d00-0xffff window]
[    0.230412] pci_bus 0000:00: root bus resource [mem 0x000a0000-0x000bffff window]
[    0.232002] pci_bus 0000:00: root bus resource [mem 0x40000000-0xfdffffff window]
[    0.233384] pci_bus 0000:00: root bus resource [bus 00-ff]
[    0.237443] pci 0000:00:01.1: legacy IDE quirk: reg 0x10: [io  0x01f0-0x01f7]
[    0.238730] pci 0000:00:01.1: legacy IDE quirk: reg 0x14: [io  0x03f6]
[    0.239912] pci 0000:00:01.1: legacy IDE quirk: reg 0x18: [io  0x0170-0x0177]
[    0.240002] pci 0000:00:01.1: legacy IDE quirk: reg 0x1c: [io  0x0376]
[    0.254657] pci 0000:00:07.0: quirk: [io  0x4000-0x403f] claimed by PIIX4 ACPI
[    0.256013] pci 0000:00:07.0: quirk: [io  0x4100-0x410f] claimed by PIIX4 SMB
[    0.265846] ACPI: PCI Interrupt Link [LNKA] (IRQs 5 9 10 *11)
[    0.267301] ACPI: PCI Interrupt Link [LNKB] (IRQs 5 9 *10 11)
[    0.268112] ACPI: PCI Interrupt Link [LNKC] (IRQs 5 *9 10 11)
[    0.269267] ACPI: PCI Interrupt Link [LNKD] (IRQs 5 9 10 *11)
[    0.270646] SCSI subsystem initialized
[    0.271407] pci 0000:00:02.0: vgaarb: setting as boot VGA device
[    0.271407] pci 0000:00:02.0: vgaarb: VGA device added: decodes=io+mem,owns=io+mem,locks=none
[    0.272010] pci 0000:00:02.0: vgaarb: bridge control possible
[    0.273054] vgaarb: loaded
[    0.276027] ACPI: bus type USB registered
[    0.276816] usbcore: registered new interface driver usbfs
[    0.277832] usbcore: registered new interface driver hub
[    0.278822] usbcore: registered new device driver usb
[    0.280048] EDAC MC: Ver: 3.0.0
[    0.280846] PCI: Using ACPI for IRQ routing
[    0.281128] NetLabel: Initializing
[    0.281861] NetLabel:  domain hash size = 128
[    0.282668] NetLabel:  protocols = UNLABELED CIPSOv4 CALIPSO
[    0.284017] NetLabel:  unlabeled traffic allowed by default
[    0.285038] clocksource: Switched to clocksource kvm-clock
[    0.295578] VFS: Disk quotas dquot_6.6.0
[    0.296460] VFS: Dquot-cache hash table entries: 512 (order 0, 4096 bytes)
[    0.297781] AppArmor: AppArmor Filesystem Enabled
[    0.298669] pnp: PnP ACPI init
[    0.300290] pnp: PnP ACPI: found 3 devices
[    0.308588] clocksource: acpi_pm: mask: 0xffffff max_cycles: 0xffffff, max_idle_ns: 2085701024 ns
[    0.310261] NET: Registered protocol family 2
[    0.311125] IP idents hash table entries: 16384 (order: 5, 131072 bytes)
[    0.313302] TCP established hash table entries: 8192 (order: 4, 65536 bytes)
[    0.314644] TCP bind hash table entries: 8192 (order: 5, 131072 bytes)
[    0.315903] TCP: Hash tables configured (established 8192 bind 8192)
[    0.317137] UDP hash table entries: 512 (order: 2, 16384 bytes)
[    0.318222] UDP-Lite hash table entries: 512 (order: 2, 16384 bytes)
[    0.319379] NET: Registered protocol family 1
[    0.320229] pci 0000:00:00.0: Limiting direct PCI/PCI transfers
[    0.321360] pci 0000:00:01.0: Activating ISA DMA hang workarounds
[    0.323300] pci 0000:00:02.0: Video device with shadowed ROM at [mem 0x000c0000-0x000dffff]
[    0.325748] Unpacking initramfs...
[    0.572607] Freeing initrd memory: 19528K
[    0.573556] clocksource: tsc: mask: 0xffffffffffffffff max_cycles: 0x29dc03c1beb, max_idle_ns: 440795205215 ns
[    0.575410] platform rtc_cmos: registered platform RTC device (no PNP device found)
[    0.576894] Scanning for low memory corruption every 60 seconds
[    0.578562] Initialise system trusted keyrings
[    0.579414] Key type blacklist registered
[    0.580216] workingset: timestamp_bits=36 max_order=18 bucket_order=0
[    0.582310] zbud: loaded
[    0.583310] squashfs: version 4.0 (2009/01/31) Phillip Lougher
[    0.584507] fuse init (API version 7.26)
[    0.586572] Key type asymmetric registered
[    0.587368] Asymmetric key parser 'x509' registered
[    0.588349] Block layer SCSI generic (bsg) driver version 0.4 loaded (major 246)
[    0.589787] io scheduler noop registered
[    0.590544] io scheduler deadline registered
[    0.591377] io scheduler cfq registered (default)
[    0.592527] ACPI: AC Adapter [AC] (on-line)
[    0.593358] input: Power Button as /devices/LNXSYSTM:00/LNXPWRBN:00/input/input0
[    0.594761] ACPI: Power Button [PWRF]
[    0.595525] input: Sleep Button as /devices/LNXSYSTM:00/LNXSLPBN:00/input/input1
[    0.596972] ACPI: Sleep Button [SLPF]
[    0.598574] ACPI: Battery Slot [BAT0] (battery present)
[    0.599675] Serial: 8250/16550 driver, 32 ports, IRQ sharing enabled
[    0.621524] 00:02: ttyS0 at I/O 0x3f8 (irq = 4, base_baud = 115200) is a 16550A
[    0.625011] Linux agpgart interface v0.103
[    0.627676] loop: module loaded
[    0.628875] scsi host0: ata_piix
[    0.629633] scsi host1: ata_piix
[    0.630296] ata1: PATA max UDMA/33 cmd 0x1f0 ctl 0x3f6 bmdma 0xd000 irq 14
[    0.631502] ata2: PATA max UDMA/33 cmd 0x170 ctl 0x376 bmdma 0xd008 irq 15
[    0.632949] tun: Universal TUN/TAP device driver, 1.6
[    0.633937] PPP generic driver version 2.4.2
[    0.634818] ehci_hcd: USB 2.0 'Enhanced' Host Controller (EHCI) Driver
[    0.635972] ehci-pci: EHCI PCI platform driver
[    0.636845] ehci-platform: EHCI generic platform driver
[    0.637795] ohci_hcd: USB 1.1 'Open' Host Controller (OHCI) Driver
[    0.638884] ohci-pci: OHCI PCI platform driver
[    0.639739] ohci-platform: OHCI generic platform driver
[    0.640724] uhci_hcd: USB Universal Host Controller Interface driver
[    0.641907] i8042: PNP: PS/2 Controller [PNP0303:PS2K,PNP0f03:PS2M] at 0x60,0x64 irq 1,12
[    0.643878] serio: i8042 KBD port at 0x60,0x64 irq 1
[    0.644847] serio: i8042 AUX port at 0x60,0x64 irq 12
[    0.645954] mousedev: PS/2 mouse device common for all mice
[    0.647405] input: AT Translated Set 2 keyboard as /devices/platform/i8042/serio0/input/input2
[    0.648212] rtc_cmos rtc_cmos: rtc core: registered rtc_cmos as rtc0
[    0.650529] rtc_cmos rtc_cmos: alarms up to one day, 114 bytes nvram
[    0.652000] i2c /dev entries driver
[    0.652933] device-mapper: uevent: version 1.0.3
[    0.654081] device-mapper: ioctl: 4.37.0-ioctl (2017-09-20) initialised: dm-devel@redhat.com
[    0.656173] ledtrig-cpu: registered to indicate activity on CPUs
[    0.657980] NET: Registered protocol family 10
[    0.662263] Segment Routing with IPv6
[    0.663191] NET: Registered protocol family 17
[    0.664393] Key type dns_resolver registered
[    0.665641] mce: Using 0 MCE banks
[    0.666499] RAS: Correctable Errors collector initialized.
[    0.667812] sched_clock: Marking stable (665575268, 0)->(871376611, -205801343)
[    0.669521] registered taskstats version 1
[    0.670344] Loading compiled-in X.509 certificates
[    0.673325] Loaded X.509 cert 'Build time autogenerated kernel key: 6303a3b02fa1c7713b8a75ba7ba622fabd5dd271'
[    0.676374] Loaded X.509 cert 'Canonical Ltd. Live Patch Signing: 14df34d1a87cf37625abec039ef2bf521249b969'
[    0.678779] Loaded X.509 cert 'Canonical Ltd. Kernel Module Signing: 88f752e560a1e0737e31163a466ad7b70a850c19'
[    0.680574] blacklist: Loading compiled-in revocation X.509 certificates
[    0.681786] Loaded X.509 cert 'Canonical Ltd. Secure Boot Signing: 61482aa2830d0ab2ad5af10b7250da9033ddcef0'
[    0.683555] zswap: loaded using pool lzo/zbud
[    0.687471] Key type big_key registered
[    0.688235] Key type trusted registered
[    0.690425] Key type encrypted registered
[    0.691252] AppArmor: AppArmor sha1 policy hashing enabled
[    0.692248] ima: No TPM chip found, activating TPM-bypass! (rc=-19)
[    0.693427] ima: Allocated hash algorithm: sha1
[    0.694276] evm: HMAC attrs: 0x1
[    0.695130]   Magic number: 14:282:948
[    0.695917] tty tty5: hash matches
[    0.696645] memory memory1: hash matches
[    0.697455] rtc_cmos rtc_cmos: setting system clock to 2022-11-06 18:56:18 UTC (1667760978)
[    0.699080] BIOS EDD facility v0.16 2004-Jun-25, 0 devices found
[    0.700205] EDD information not available.
[    0.829986] Freeing unused kernel image memory: 2472K
[    0.844245] Write protecting the kernel read-only data: 20480k
[    0.850142] Freeing unused kernel image memory: 2008K
[    0.854449] Freeing unused kernel image memory: 1824K
[    0.872380] x86/mm: Checked W+X mappings: passed, no W+X pages found.
[    0.874658] x86/mm: Checking user space page tables
[    0.886082] x86/mm: Checked W+X mappings: passed, no W+X pages found.
Loading, please wait...
starting version 237
[    0.980619] e1000: Intel(R) PRO/1000 Network Driver - version 7.3.21-k8-NAPI
[    0.982494] e1000: Copyright (c) 1999-2006 Intel Corporation.
[    0.993904] Fusion MPT base driver 3.04.20
[    0.995143] Copyright (c) 1999-2008 LSI Corporation
[    1.001011] Fusion MPT SPI Host driver 3.04.20
[    1.013481] AVX2 version of gcm_enc/dec engaged.
[    1.014933] AES CTR mode by8 optimization enabled
[    1.190195] input: ImExPS/2 Generic Explorer Mouse as /devices/platform/i8042/serio1/input/input4
[    1.619689] e1000 0000:00:03.0 eth0: (PCI:33MHz:32-bit) 02:d4:40:b8:a4:a0
[    1.625374] e1000 0000:00:03.0 eth0: Intel(R) PRO/1000 Network Connection
[    1.632286] mptbase: ioc0: Initiating bringup
[    3.309612] ioc0: LSI53C1030 A0: Capabilities={Initiator}
[    8.173970] scsi host2: ioc0: LSI53C1030 A0, FwRev=00000000h, Ports=1, MaxQ=256, IRQ=20
[   11.246809] scsi 2:0:0:0: Direct-Access     VBOX     HARDDISK         1.0  PQ: 0 ANSI: 5
[   11.292175] scsi target2:0:0: Beginning Domain Validation
[   11.304862] scsi target2:0:0: Domain Validation skipping write tests
[   11.309730] scsi target2:0:0: Ending Domain Validation
[   11.312650] scsi target2:0:0: asynchronous
[   11.315340] scsi 2:0:1:0: Direct-Access     VBOX     HARDDISK         1.0  PQ: 0 ANSI: 5
[   11.600268] scsi target2:0:1: Beginning Domain Validation
[   11.609300] scsi target2:0:1: Domain Validation skipping write tests
[   11.611866] scsi target2:0:1: Ending Domain Validation
[   11.614179] scsi target2:0:1: asynchronous
[   11.621345] sd 2:0:0:0: Attached scsi generic sg0 type 0
[   11.623008] sd 2:0:0:0: [sda] 83886080 512-byte logical blocks: (42.9 GB/40.0 GiB)
[   11.626643] sd 2:0:0:0: [sda] Write Protect is off
[   11.628173] sd 2:0:1:0: Attached scsi generic sg1 type 0
[   11.629941] sd 2:0:0:0: [sda] Incomplete mode parameter data
[   11.631619] sd 2:0:0:0: [sda] Assuming drive cache: write through
[   11.633491] sd 2:0:1:0: [sdb] 20480 512-byte logical blocks: (10.5 MB/10.0 MiB)
[   11.635837] sd 2:0:1:0: [sdb] Write Protect is off
[   11.637684] sd 2:0:1:0: [sdb] Incomplete mode parameter data
[   11.639516] sd 2:0:1:0: [sdb] Assuming drive cache: write through
[   11.643115]  sda: sda1
[   11.644683] sd 2:0:0:0: [sda] Attached SCSI disk
[   11.647642] e1000 0000:00:08.0 eth1: (PCI:33MHz:32-bit) 08:00:27:2f:f0:27
[   11.649245] e1000 0000:00:08.0 eth1: Intel(R) PRO/1000 Network Connection
[   12.078532] sd 2:0:1:0: [sdb] Attached SCSI disk
[   12.090653] e1000 0000:00:08.0 enp0s8: renamed from eth1
[   12.116612] e1000 0000:00:03.0 enp0s3: renamed from eth0
Begin: Loading essential drivers ... [   13.956063] raid6: sse2x1   gen() 12209 MB/s
[   14.004056] raid6: sse2x1   xor()  8704 MB/s
[   14.052057] raid6: sse2x2   gen() 15078 MB/s
[   14.100057] raid6: sse2x2   xor()  9939 MB/s
[   14.148026] raid6: sse2x4   gen() 17004 MB/s
[   14.196023] raid6: sse2x4   xor() 10468 MB/s
[   14.244017] raid6: avx2x1   gen() 24306 MB/s
[   14.292018] raid6: avx2x1   xor() 16759 MB/s
[   14.340019] raid6: avx2x2   gen() 28257 MB/s
[   14.388017] raid6: avx2x2   xor() 18215 MB/s
[   14.436021] raid6: avx2x4   gen() 33694 MB/s
[   14.484020] raid6: avx2x4   xor() 20436 MB/s
[   14.485058] raid6: using algorithm avx2x4 gen() 33694 MB/s
[   14.486323] raid6: .... xor() 20436 MB/s, rmw enabled
[   14.487505] raid6: using avx2x2 recovery algorithm
[   14.490380] xor: automatically using best checksumming function   avx       
[   14.493562] async_tx: api initialized (async)
done.
Begin: Running /scripts/init-premount ... done.
Begin: Mounting root file system ... Begin: Running /scripts/local-top ... done.
Begin: Running /scripts/local-premount ... [   14.556824] Btrfs loaded, crc32c=crc32c-intel
Scanning for Btrfs filesystems
done.
Warning: fsck not present, so skipping root file system
[   14.709541] EXT4-fs (sda1): mounted filesystem with ordered data mode. Opts: (null)
done.
Begin: Running /scripts/local-bottom ... done.
Begin: Running /scripts/init-bottom ... done.
[   15.772847] ip_tables: (C) 2000-2006 Netfilter Core Team
[   15.844453] systemd[1]: systemd 237 running in system mode. (+PAM +AUDIT +SELINUX +IMA +APPARMOR +SMACK +SYSVINIT +UTMP +LIBCRYPTSETUP +GCRYPT +GNUTLS +ACL +XZ +LZ4 +SECCOMP +BLKID +ELFUTILS +KMOD -IDN2 +IDN -PCRE2 default-hierarchy=hybrid)
[   15.864239] systemd[1]: Detected virtualization oracle.
[   15.867104] systemd[1]: Detected architecture x86-64.

Welcome to [1mUbuntu 18.04.6 LTS[0m!

[   15.876800] systemd[1]: Set hostname to <ubuntu>.
[   15.901334] systemd[1]: Initializing machine ID from random generator.
[   15.908114] systemd[1]: Installed transient /etc/machine-id file.
[   18.363371] systemd[1]: Started Forward Password Requests to Wall Directory Watch.
[[0;32m  OK  [0m] Started Forward Password Requests to Wall Directory Watch.
[   18.367774] systemd[1]: Set up automount Arbitrary Executable File Formats File System Automount Point.
[[0;32m  OK  [0m] Set up automount Arbitrary Executab…rmats File System Automount Point.
[   18.374883] systemd[1]: Created slice User and Session Slice.
[[0;32m  OK  [0m] Created slice User and Session Slice.
[   18.377968] systemd[1]: Reached target System Time Synchronized.
[[0;32m  OK  [0m] Reached target System Time Synchronized.
[[0;32m  OK  [0m] Created slice System Slice.
[[0;32m  OK  [0m] Reached target Slices.
[[0;32m  OK  [0m] Listening on Journal Socket.
         Starting Create list of required st…ce nodes for the current kernel...
         Mounting Huge Pages File System...
[[0;32m  OK  [0m] Listening on LVM2 poll daemon socket.
[[0;32m  OK  [0m] Listening on Journal Socket (/dev/log).
[[0;32m  OK  [0m] Listening on Journal Audit Socket.
[[0;32m  OK  [0m] Listening on fsck to fsckd communication Socket.
[[0;32m  OK  [0m] Listening on LVM2 metadata daemon socket.
[[0;32m  OK  [0m] Listening on Device-mapper event daemon FIFOs.
         Mounting POSIX Message Queue File System...
[[0;32m  OK  [0m] Listening on udev Kernel Socket.
[[0;32m  OK  [0m] Listening on /dev/initctl Compatibility Named Pipe.
         Mounting Kernel Debug File System...
         Starting Uncomplicated firewall...
[[0;32m  OK  [0m] Listening on udev Control Socket.
[[0;32m  OK  [0m] Created slice system-serial\x2dgetty.slice.
         Starting udev Coldplug all Devices...
         Starting Load Kernel Modules...
         Starting Monitoring of LVM2 mirrors…ng dmeventd or progress polling...
[[0;32m  OK  [0m] Listening on Network Service Netlink Socket.
         Starting File System Check on Root Device...
         Starting Set the console keyboard layout...
[[0;32m  OK  [0m] Listening on Syslog Socket.
         Starting Journal Service...
[[0;32m  OK  [0m] Reached target Swap.
[[0;32m  OK  [0m] Reached target User and Group Name Lookups.
[[0;32m  OK  [0m] Started Create list of required sta…vice nodes for the current kernel.
[[0;32m  OK  [0m] Mounted Huge Pages File System.
[[0;32m  OK  [0m] Mounted POSIX Message Queue File System.
[[0;32m  OK  [0m] Mounted Kernel Debug File System.
[[0;32m  OK  [0m] Started Uncomplicated firewall.
         Starting Create Static Device Nodes in /dev...
[[0;32m  OK  [0m] Started udev Coldplug all Devices.
[[0;32m  OK  [0m] Started File System Check Daemon to report status.
[   19.360368] Loading iSCSI transport class v2.0-870.
[[0;32m  OK  [0m] Started Journal Service.
[[0;32m  OK  [0m] Started File System Check on Root Device.
         Starting Remount Root and Kernel File Systems...
[   19.554519] iscsi: registered transport (tcp)
[[0;32m  OK  [0m] Started Create Static Device Nodes in /dev.
[[0;32m  OK  [0m] Started LVM2 metadata daemon.
[   19.632159] EXT4-fs (sda1): re-mounted. Opts: (null)
[[0;32m  OK  [0m] Started Remount Root and Kernel File Systems.
         Starting Load/Save Random Seed...
         Starting udev Kernel Device Manager...
         Starting Flush Journal to Persistent Storage...
[[0;32m  OK  [0m] Started Load/Save Random Seed.
[[0;32m  OK  [0m] Started Monitoring of LVM2 mirrors,…sing dmeventd or progress polling.
[[0;32m  OK  [0m] Started udev Kernel Device Manager.
[   19.845967] systemd-journald[419]: Received request to flush runtime journal from PID 1
[   19.858659] iscsi: registered transport (iser)
[[0;32m  OK  [0m] Started Load Kernel Modules.
         Mounting Kernel Configuration File System...
         Starting Apply Kernel Variables...
         Mounting FUSE Control File System...
[[0;32m  OK  [0m] Mounted Kernel Configuration File System.
[[0;32m  OK  [0m] Mounted FUSE Control File System.
[[0;32m  OK  [0m] Started Set the console keyboard layout.
[[0;32m  OK  [0m] Reached target Local File Systems (Pre).
[[0;32m  OK  [0m] Reached target Local File Systems.
         Starting Tell Plymouth To Write Out Runtime Data...
         Starting ebtables ruleset management...
         Starting AppArmor initialization...
         Starting Set console font and keymap...
         Starting Commit a transient machine-id on disk...
[[0;32m  OK  [0m] Started Dispatch Password Requests to Console Directory Watch.
[[0;32m  OK  [0m] Reached target Local Encrypted Volumes.
[[0;32m  OK  [0m] Started Apply Kernel Variables.
[[0;32m  OK  [0m] Started Tell Plymouth To Write Out Runtime Data.
[[0;32m  OK  [0m] Started Set console font and keymap.
[[0;32m  OK  [0m] Started Flush Journal to Persistent Storage.
         Starting Create Volatile Files and Directories...
[[0;32m  OK  [0m] Started Create Volatile Files and Directories.
         Starting Update UTMP about System Boot/Shutdown...
[[0;32m  OK  [0m] Started Commit a transient machine-id on disk.
[[0;32m  OK  [0m] Started Update UTMP about System Boot/Shutdown.
[[0;32m  OK  [0m] Found device /dev/ttyS0.
[[0;32m  OK  [0m] Started ebtables ruleset management.
[[0;32m  OK  [0m] Listening on Load/Save RF Kill Switch Status /dev/rfkill Watch.
         Mounting Arbitrary Executable File Formats File System...
[[0;32m  OK  [0m] Mounted Arbitrary Executable File Formats File System.
[[0;32m  OK  [0m] Started AppArmor initialization.
         Starting Initial cloud-init job (pre-networking)...
         Starting Load AppArmor profiles managed internally by snapd...
[[0;32m  OK  [0m] Started Load AppArmor profiles managed internally by snapd.
[   28.810170] cloud-init[578]: Cloud-init v. 22.3.4-0ubuntu1~18.04.1 running 'init-local' at Sun, 06 Nov 2022 18:56:45 +0000. Up 28.03 seconds.
[[0;32m  OK  [0m] Started Initial cloud-init job (pre-networking).
[[0;32m  OK  [0m] Reached target Network (Pre).
         Starting Network Service...
[[0;32m  OK  [0m] Started Network Service.
         Starting Wait for Network to be Configured...
         Starting Network Name Resolution...
[[0;32m  OK  [0m] Started Network Name Resolution.
[[0;32m  OK  [0m] Reached target Host and Network Name Lookups.
[[0;32m  OK  [0m] Reached target Network.
[[0;32m  OK  [0m] Started Wait for Network to be Configured.
         Starting Initial cloud-init job (metadata service crawler)...
[   31.110552] cloud-init[714]: Cloud-init v. 22.3.4-0ubuntu1~18.04.1 running 'init' at Sun, 06 Nov 2022 18:56:48 +0000. Up 30.90 seconds.
[   31.112268] cloud-init[714]: ci-info: ++++++++++++++++++++++++++++++++++++++Net device info+++++++++++++++++++++++++++++++++++++++
[   31.114287] cloud-init[714]: ci-info: +--------+-------+----------------------------+---------------+--------+-------------------+
[   31.116332] cloud-init[714]: ci-info: | Device |   Up  |          Address           |      Mask     | Scope  |     Hw-Address    |
[   31.118398] cloud-init[714]: ci-info: +--------+-------+----------------------------+---------------+--------+-------------------+
[   31.120397] cloud-init[714]: ci-info: | enp0s3 |  True |         10.0.2.15          | 255.255.255.0 | global | 02:d4:40:b8:a4:a0 |
[   31.122397] cloud-init[714]: ci-info: | enp0s3 |  True | fe80::d4:40ff:feb8:a4a0/64 |       .       |  link  | 02:d4:40:b8:a4:a0 |
[   31.124316] cloud-init[714]: ci-info: | enp0s8 | False |             .              |       .       |   .    | 08:00:27:2f:f0:27 |
[   31.126264] cloud-init[714]: ci-info: |   lo   |  True |         127.0.0.1          |   255.0.0.0   |  host  |         .         |
[   31.128262] cloud-init[714]: ci-info: |   lo   |  True |          ::1/128           |       .       |  host  |         .         |
[   31.130211] cloud-init[714]: ci-info: +--------+-------+----------------------------+---------------+--------+-------------------+
[   31.132136] cloud-init[714]: ci-info: ++++++++++++++++++++++++++++Route IPv4 info+++++++++++++++++++++++++++++
[   31.133573] cloud-init[714]: ci-info: +-------+-------------+----------+-----------------+-----------+-------+
[   31.134837] cloud-init[714]: ci-info: | Route | Destination | Gateway  |     Genmask     | Interface | Flags |
[   31.136140] cloud-init[714]: ci-info: +-------+-------------+----------+-----------------+-----------+-------+
[   31.137419] cloud-init[714]: ci-info: |   0   |   0.0.0.0   | 10.0.2.2 |     0.0.0.0     |   enp0s3  |   UG  |
[   31.138686] cloud-init[714]: ci-info: |   1   |   10.0.2.0  | 0.0.0.0  |  255.255.255.0  |   enp0s3  |   U   |
[   31.139914] cloud-init[714]: ci-info: |   2   |   10.0.2.2  | 0.0.0.0  | 255.255.255.255 |   enp0s3  |   UH  |
[   31.141201] cloud-init[714]: ci-info: +-------+-------------+----------+-----------------+-----------+-------+
[   31.142429] cloud-init[714]: ci-info: +++++++++++++++++++Route IPv6 info+++++++++++++++++++
[   31.143501] cloud-init[714]: ci-info: +-------+-------------+---------+-----------+-------+
[   31.144611] cloud-init[714]: ci-info: | Route | Destination | Gateway | Interface | Flags |
[   31.145618] cloud-init[714]: ci-info: +-------+-------------+---------+-----------+-------+
[   31.146713] cloud-init[714]: ci-info: |   1   |  fe80::/64  |    ::   |   enp0s3  |   U   |
[   31.147787] cloud-init[714]: ci-info: |   3   |    local    |    ::   |   enp0s3  |   U   |
[   31.148893] cloud-init[714]: ci-info: |   4   |   ff00::/8  |    ::   |   enp0s3  |   U   |
[   31.149955] cloud-init[714]: ci-info: +-------+-------------+---------+-----------+-------+
[   35.005021] cloud-init[714]: Generating public/private rsa key pair.
[   35.005897] cloud-init[714]: Your identification has been saved in /etc/ssh/ssh_host_rsa_key.
[   35.007084] cloud-init[714]: Your public key has been saved in /etc/ssh/ssh_host_rsa_key.pub.
[   35.008188] cloud-init[714]: The key fingerprint is:
[   35.008854] cloud-init[714]: SHA256:Z9qnIuWmYHCckyx0CuTwKI/Zm0pJFy24LlcZ5y5qPUE root@ubuntu-bionic
[   35.010299] cloud-init[714]: The key's randomart image is:
[   35.011108] cloud-init[714]: +---[RSA 2048]----+
[   35.011888] cloud-init[714]: |..               |
[   35.012659] cloud-init[714]: |+o. .            |
[   35.013424] cloud-init[714]: |+oooo..          |
[   35.014188] cloud-init[714]: |.B.=EB           |
[   35.014986] cloud-init[714]: |oo*oX . S o      |
[   35.015749] cloud-init[714]: |o oB.o  .=       |
[   35.016524] cloud-init[714]: |.++.+..o. . .    |
[   35.017282] cloud-init[714]: |oo.ooo. +  o     |
[   35.018046] cloud-init[714]: |...  ..+ ..      |
[   35.018868] cloud-init[714]: +----[SHA256]-----+
[   35.019684] cloud-init[714]: Generating public/private dsa key pair.
[   35.020700] cloud-init[714]: Your identification has been saved in /etc/ssh/ssh_host_dsa_key.
[   35.022083] cloud-init[714]: Your public key has been saved in /etc/ssh/ssh_host_dsa_key.pub.
[   35.023320] cloud-init[714]: The key fingerprint is:
[   35.039908] cloud-init[714]: SHA256:d+Dmv540qLta/SoLo2GbZIZHsDAKr7pl0W0HYdVY+6k root@ubuntu-bionic
[   35.041519] cloud-init[714]: The key's randomart image is:
[   35.042606] cloud-init[714]: +---[DSA 1024]----+
[   35.043635] cloud-init[714]: |      o..+.      |
[   35.044587] cloud-init[714]: |     . .. ..     |
[   35.045513] cloud-init[714]: |+ .   .   o      |
[   35.046472] cloud-init[714]: |o+ + . . . o .   |
[   35.047418] cloud-init[714]: |. + o o S + +    |
[   35.048415] cloud-init[714]: | . + . . = +     |
[   35.049222] cloud-init[714]: |. + B o . E o    |
[   35.050189] cloud-init[714]: |.o * = +.. + o   |
[   35.050979] cloud-init[714]: |o.  + ..==.o*.   |
[   35.060271] cloud-init[714]: +----[SHA256]-----+
[   35.061287] cloud-init[714]: Generating public/private ecdsa key pair.
[   35.062524] cloud-init[714]: Your identification has been saved in /etc/ssh/ssh_host_ecdsa_key.
[   35.064302] cloud-init[714]: Your public key has been saved in /etc/ssh/ssh_host_ecdsa_key.pub.
[   35.065622] cloud-init[714]: The key fingerprint is:
[   35.066640] cloud-init[714]: SHA256:BS/9u7TtmYedn89+cfl0TeFHsEeR1F/1p+L6AKXCg5c root@ubuntu-bionic
[   35.068333] cloud-init[714]: The key's randomart image is:
[   35.069202] cloud-init[714]: +---[ECDSA 256]---+
[   35.070200] cloud-init[714]: |        .     o+B|
[   35.080264] cloud-init[714]: |         +     ==|
[   35.081196] cloud-init[714]: |        . =   o.B|
[   35.082126] cloud-init[714]: |     o . = .   +=|
[   35.083068] cloud-init[714]: |    . E S   o ..+|
[   35.084013] cloud-init[714]: |     . o . . o o=|
[   35.084993] cloud-init[714]: |          . +  +*|
[   35.085940] cloud-init[714]: |           + +.=*|
[   35.086943] cloud-init[714]: |          ..+.=+O|
[   35.088081] cloud-init[714]: +----[SHA256]-----+
[   35.088975] cloud-init[714]: Generating public/private ed25519 key pair.
[   35.090220] cloud-init[714]: Your identification has been saved in /etc/ssh/ssh_host_ed25519_key.
[   35.091622] cloud-init[714]: Your public key has been saved in /etc/ssh/ssh_host_ed25519_key.pub.[[0;32m  OK  [0m] Started Initial cloud-init job (metadata service crawler).
[[0;32m  OK  [0m] Reached target Network is Online.

[   35.094012] cloud-init[714]: The key fingerprint is:
[   35.094774] cloud-init[714]: SHA256:uNRcBkbCFoKRzCVLI9jVIaHZYzfJ2LdbH4Xaz23jFR4 root@ubuntu-bionic         Starting Availability of block devices...
[[0;32m  OK  [0m] Reached target Remote File Systems (Pre).
[[0;32m  OK  [0m] Reached target Remote File Systems.
[[0;32m  OK  [0m] Reached target Cloud-config availability.
[[0;32m  OK  [0m] Reached target System Initialization.
[[0;32m  OK  [0m] Started Ubuntu Advantage Timer for running repeated jobs.
[[0;32m  OK  [0m] Started Message of the Day.
[[0;32m  OK  [0m] Listening on cloud-init hotplug hook socket.
[[0;32m  OK  [0m] Started Daily apt download activities.
[[0;32m  OK  [0m] Listening on D-Bus System Message Bus Socket.
[[0;32m  OK  [0m] Started Daily Cleanup of Temporary Directories.
[[0;32m  OK  [0m] Listening on Open-iSCSI iscsid Socket.
[[0;32m  OK  [0m] Started Daily apt upgrade and clean activities.

[   35.109441] cloud-init[714]: The key's randomart image is:
[   35.110384] cloud-init[714]: +--[ED25519 256]--+
[   35.111181] cloud-init[714]: |o+=**++++        |
[   35.111962] cloud-init[714]: |.o*B *++ .   .   |
         Starting LXD - unix socket.
         Starting Socket activation for snappy daemon.
[[0;32m  OK  [0m] Listening on ACPID Listen Socket.
[   35.117189] cloud-init[714]: |  + =.* . o . .  |
[[0;32m  OK  [0m] Started ACPI Events Check.
[[0;32m  OK  [0m] Reached target Paths.
[[0;32m  OK  [0m] Started Discard unused blocks once a week.
[[0;32m  OK  [0m] Reached target Timers.
[[0;32m  OK  [0m] Listening on UUID daemon activation socket.
[[0;32m  OK  [0m] Started Availability of block devices.
[[0;32m  OK  [0m] Listening on LXD - unix socket.
[[0;32m  OK  [0m] Listening on Socket activation for snappy daemon.
[[0;32m  OK  [0m] Reached target Sockets.
[[0;32m  OK  [0m] Reached target Basic System.
[   35.133257] cloud-init[714]: |   . o * + o .   |
[   35.143401] cloud-init[714]: |      o S o o  E |
         Starting Dispatcher daemon for systemd-networkd...
[   35.149225] cloud-init[714]: |     . . o . +..o|
[   35.151920] cloud-init[714]: |      . .   . oo+|
[[0;32m  OK  [0m] Started Deferred execution scheduler.
[   35.155899] cloud-init[714]: |              ..o|
[   35.157611] cloud-init[714]: |               . |
[   35.158420] cloud-init[714]: +----[SHA256]-----+
         Starting Pollinate to seed the pseudo random number generator...
[[0;32m  OK  [0m] Started irqbalance daemon.
[[0;32m  OK  [0m] Started FUSE filesystem for LXC.
         Starting System Logging Service...
         Starting LSB: automatic crash report generation...
         Starting Permit User Sessions...
         Starting LSB: Record successful boot for GRUB...
[[0;32m  OK  [0m] Started D-Bus System Message Bus.
         Starting Accounts Service...
         Starting Snap Daemon...
[[0;32m  OK  [0m] Started Regular background program processing daemon.
[[0;32m  OK  [0m] Reached target Login Prompts (Pre).
         Starting Login Service...
         Starting Virtualbox guest utils...
         Starting LXD - container startup/shutdown...
[[0;32m  OK  [0m] Started System Logging Service.
[[0;32m  OK  [0m] Started Permit User Sessions.
         Starting Authorization Manager...
         Starting Terminate Plymouth Boot Screen...
         Starting Hold until boot process finishes up...
[[0;32m  OK  [0m] Started Hold until boot process finishes up.
[[0;32m  OK  [0m] Started Serial Getty on ttyS0.
         Starting Set console scheme...
[[0;32m  OK  [0m] Started Terminate Plymouth Boot Screen.
[[0;32m  OK  [0m] Started Login Service.
[[0;32m  OK  [0m] Started Unattended Upgrades Shutdown.
[[0;32m  OK  [0m] Started Authorization Manager.
[[0;32m  OK  [0m] Started Accounts Service.
[[0;32m  OK  [0m] Started Set console scheme.
[[0;32m  OK  [0m] Created slice system-getty.slice.
[[0;32m  OK  [0m] Started Getty on tty1.
[[0;32m  OK  [0m] Reached target Login Prompts.
[[0;32m  OK  [0m] Started Dispatcher daemon for systemd-networkd.
[[0;32m  OK  [0m] Started LSB: automatic crash report generation.
[[0;32m  OK  [0m] Started LSB: Record successful boot for GRUB.
[[0;32m  OK  [0m] Started Virtualbox guest utils.
[[0;32m  OK  [0m] Started LXD - container startup/shutdown.
[[0;32m  OK  [0m] Started Pollinate to seed the pseudo random number generator.
         Starting OpenBSD Secure Shell server...
[[0;32m  OK  [0m] Started OpenBSD Secure Shell server.
[[0;32m  OK  [0m] Started Snap Daemon.
         Starting Wait until snapd is fully seeded...
         Starting Time & Date Service...
[[0;32m  OK  [0m] Started Time & Date Service.
[[0;32m  OK  [0m] Created slice User Slice of vagrant.
         Starting User Manager for UID 1000...
[[0;32m  OK  [0m] Started Session 1 of user vagrant.
[[0;32m  OK  [0m] Started Wait until snapd is fully seeded.
         Starting Apply the settings specified in cloud-config...
[[0;32m  OK  [0m] Started User Manager for UID 1000.

Ubuntu 18.04.6 LTS ubuntu-bionic ttyS0

ubuntu-bionic login: [   44.218251] cloud-init[1365]: Cloud-init v. 22.3.4-0ubuntu1~18.04.1 running 'modules:config' at Sun, 06 Nov 2022 18:56:59 +0000. Up 41.25 seconds.
ci-info: no authorized SSH keys fingerprints found for user ubuntu.
<14>Nov  6 18:57:03 cloud-init: #############################################################
<14>Nov  6 18:57:03 cloud-init: -----BEGIN SSH HOST KEY FINGERPRINTS-----
<14>Nov  6 18:57:03 cloud-init: 1024 SHA256:d+Dmv540qLta/SoLo2GbZIZHsDAKr7pl0W0HYdVY+6k root@ubuntu-bionic (DSA)
<14>Nov  6 18:57:03 cloud-init: 256 SHA256:BS/9u7TtmYedn89+cfl0TeFHsEeR1F/1p+L6AKXCg5c root@ubuntu-bionic (ECDSA)
<14>Nov  6 18:57:03 cloud-init: 256 SHA256:uNRcBkbCFoKRzCVLI9jVIaHZYzfJ2LdbH4Xaz23jFR4 root@ubuntu-bionic (ED25519)
<14>Nov  6 18:57:03 cloud-init: 2048 SHA256:Z9qnIuWmYHCckyx0CuTwKI/Zm0pJFy24LlcZ5y5qPUE root@ubuntu-bionic (RSA)
<14>Nov  6 18:57:03 cloud-init: -----END SSH HOST KEY FINGERPRINTS-----
<14>Nov  6 18:57:03 cloud-init: #############################################################
-----BEGIN SSH HOST KEY KEYS-----
ecdsa-sha2-nistp256 AAAAE2VjZHNhLXNoYTItbmlzdHAyNTYAAAAIbmlzdHAyNTYAAABBBA/8u5CVko3oGlmL4wcVhIbf5wZ7dZ+v2EbD0DlY4yZq/+cgLkfLqQArGmQSvIdg3GoesKCnAUFn2s73Qqd7XkA= root@ubuntu-bionic
ssh-ed25519 AAAAC3NzaC1lZDI1NTE5AAAAIC95MFYgBhiaT6zpjek7cbuIVuptnOVGeuy2IEtcnORU root@ubuntu-bionic
ssh-rsa AAAAB3NzaC1yc2EAAAADAQABAAABAQDcNUb1RolEccJgCwJOkzRMsOdSsFBwg64LHhEKnnwefrtUZIAQ3eBpyyTw/yyj9Wy4yVqaUVkyWvBXbiF1yklXD3DJ0Mg7Tb453R2NXBxYeXFnLMiRAxEZh4x9hTo97eI4GprJW13Y3WyAMK6Z0ySvGvdwbFOFmjOOuy9thdfNmkfz0QmUOtlrxyIR6lhHDpQm5XTGC+I1cKKiBdsq2utkabjL+141k4//jf2MJgP5u0OqvA2QSM2hYgcTkkbGBniGaFINY4nt1UMpRDd28aKythRVI6nsjUds8BitThnWCLe3oKXfs+bRj+YHwiAYfHf9yh7bk3pl9OVW2XLCuUM5 root@ubuntu-bionic
-----END SSH HOST KEY KEYS-----
[   45.989428] cloud-init[1474]: Cloud-init v. 22.3.4-0ubuntu1~18.04.1 running 'modules:final' at Sun, 06 Nov 2022 18:57:02 +0000. Up 44.89 seconds.
[   45.991618] cloud-init[1474]: Cloud-init v. 22.3.4-0ubuntu1~18.04.1 finished at Sun, 06 Nov 2022 18:57:03 +0000. Datasource DataSourceNoCloud [seed=/dev/sdb][dsmode=net].  Up 45.97 seconds
